app/proguard-rules.txt
####################################################################################################
####################################################################################################
####################################################################################################
######################################### PROGUARD #################################################
####################################################################################################
####################################################################################################
####################################################################################################

# This is a configuration file for ProGuard.
# http://proguard.sourceforge.net/index.html#manual/usage.html
-dontusemixedcaseclassnames
-dontskipnonpubliclibraryclasses
-verbose

# Optimization is turned off by default. Dex does not like code run
# through the ProGuard optimize and preverify steps (and performs some
# of these optimizations on its own).
#-dontoptimize
#-dontpreverify

# If you want to enable optimization, you should include the
# following:
-optimizations !code/simplification/arithmetic,!code/simplification/cast,!field/*,!class/merging/*
-optimizationpasses 5
-allowaccessmodification
#
# Note that you cannot just include these flags in your own
# configuration file; if you are including this file, optimization
# will be turned off. You'll need to either edit this file, or
# duplicate the contents of this file and remove the include of this
# file from your project's proguard.config path property.

# For native methods, see http://proguard.sourceforge.net/manual/examples.html#native


# The support library contains references to newer platform versions.
# Don't warn about those in case this app is linking against an older
# platform version. We know about them, and they are safe.
-dontwarn android.support.**
-dontwarn com.google.ads.**