app/build/intermediates/proguard-rules/release/aapt_rules.txt
# view res/layout/abc_alert_dialog_material.xml #generated:130
-keep class android.support.v4.widget.Space { <init>(...); }

# view res/layout/activity_main4.xml #generated:30
-keep class android.support.v4.widget.SwipeRefreshLayout { <init>(...); }

# view res/layout/abc_action_menu_item_layout.xml #generated:17
-keep class android.support.v7.internal.view.menu.ActionMenuItemView { <init>(...); }

# view res/layout/abc_expanded_menu_layout.xml #generated:17
-keep class android.support.v7.internal.view.menu.ExpandedMenuView { <init>(...); }

# view res/layout/abc_list_menu_item_layout.xml #generated:17
# view res/layout/abc_popup_menu_item_layout.xml #generated:17
-keep class android.support.v7.internal.view.menu.ListMenuItemView { <init>(...); }

# view res/layout/abc_screen_toolbar.xml #generated:27
-keep class android.support.v7.internal.widget.ActionBarContainer { <init>(...); }

# view res/layout/abc_action_mode_bar.xml #generated:19
# view res/layout/abc_screen_toolbar.xml #generated:43
-keep class android.support.v7.internal.widget.ActionBarContextView { <init>(...); }

# view res/layout/abc_screen_toolbar.xml #generated:17
-keep class android.support.v7.internal.widget.ActionBarOverlayLayout { <init>(...); }

# view res/layout/abc_activity_chooser_view.xml #generated:19
-keep class android.support.v7.internal.widget.ActivityChooserView$InnerLayout { <init>(...); }

# view res/layout/abc_screen_content_include.xml #generated:19
-keep class android.support.v7.internal.widget.ContentFrameLayout { <init>(...); }

# view res/layout/abc_alert_dialog_material.xml #generated:48
-keep class android.support.v7.internal.widget.DialogTitle { <init>(...); }

# view res/layout/abc_screen_simple_overlay_action_mode.xml #generated:23
-keep class android.support.v7.internal.widget.FitWindowsFrameLayout { <init>(...); }

# view res/layout/abc_dialog_title_material.xml #generated:22
# view res/layout/abc_screen_simple.xml #generated:17
-keep class android.support.v7.internal.widget.FitWindowsLinearLayout { <init>(...); }

# view res/layout/abc_action_mode_close_item_material.xml #generated:17
# view res/layout/abc_search_dropdown_item_icons_2line.xml #generated:27
# view res/layout/abc_search_dropdown_item_icons_2line.xml #generated:37
# view res/layout/abc_search_dropdown_item_icons_2line.xml #generated:48
# view res/layout/abc_search_view.xml #generated:116
# view res/layout/abc_search_view.xml #generated:128
# view res/layout/abc_search_view.xml #generated:38
# view res/layout/abc_search_view.xml #generated:60
# view res/layout/abc_search_view.xml #generated:97
-keep class android.support.v7.internal.widget.TintImageView { <init>(...); }

# view res/layout/abc_screen_simple.xml #generated:25
# view res/layout/abc_screen_simple_overlay_action_mode.xml #generated:32
-keep class android.support.v7.internal.widget.ViewStubCompat { <init>(...); }

# view res/layout/abc_action_menu_layout.xml #generated:17
-keep class android.support.v7.widget.ActionMenuView { <init>(...); }

# view res/layout/recycler_view.xml #generated:7
-keep class android.support.v7.widget.RecyclerView { <init>(...); }

# view res/layout/abc_search_view.xml #generated:78
-keep class android.support.v7.widget.SearchView$SearchAutoComplete { <init>(...); }

# view res/layout/abc_screen_toolbar.xml #generated:36
# view res/layout/activity_main4.xml #generated:16
# view res/layout/settings.xml #generated:11
# view res/layout/settings_toolbar.xml #generated:2
# view res/layout/webview.xml #generated:11
-keep class android.support.v7.widget.Toolbar { <init>(...); }

# view AndroidManifest.xml #generated:79
-keep class com.google.android.gms.ads.AdActivity { <init>(...); }

# view res/layout/activity_main3.xml #generated:22
# view res/layout/activity_main4.xml #generated:79
-keep class com.google.android.gms.ads.AdView { <init>(...); }

# view AndroidManifest.xml #generated:88
-keep class com.google.android.gms.ads.purchase.InAppPurchaseActivity { <init>(...); }

# view AndroidManifest.xml #generated:96
-keep class com.google.android.gms.wallet.EnableWalletOptimizationReceiver { <init>(...); }

# view AndroidManifest.xml #generated:73
-keep class de.aurora.mggvertretungsplan.BootUpReceiver { <init>(...); }

# view AndroidManifest.xml #generated:35
-keep class de.aurora.mggvertretungsplan.MainActivity { <init>(...); }

# view AndroidManifest.xml #generated:60
-keep class de.aurora.mggvertretungsplan.PreferenceBenachrichtigungen { <init>(...); }

# view AndroidManifest.xml #generated:52
-keep class de.aurora.mggvertretungsplan.PreferenceWithHeaders { <init>(...); }

# view AndroidManifest.xml #generated:71
-keep class de.aurora.mggvertretungsplan.VertretungsplanService { <init>(...); }

# view AndroidManifest.xml #generated:44
-keep class de.aurora.mggvertretungsplan.hilfsMethoden { <init>(...); }

# view AndroidManifest.xml #generated:48
-keep class de.aurora.mggvertretungsplan.webView_Activity { <init>(...); }