app/build/outputs/mapping/release/seeds.txt
de.aurora.mggvertretungsplan.BootUpReceiver
de.aurora.mggvertretungsplan.BootUpReceiver: BootUpReceiver()
de.aurora.mggvertretungsplan.MainActivity
de.aurora.mggvertretungsplan.MainActivity: MainActivity()
de.aurora.mggvertretungsplan.PreferenceBenachrichtigungen
de.aurora.mggvertretungsplan.PreferenceBenachrichtigungen: PreferenceBenachrichtigungen()
de.aurora.mggvertretungsplan.PreferenceWithHeaders
de.aurora.mggvertretungsplan.PreferenceWithHeaders: PreferenceWithHeaders()
de.aurora.mggvertretungsplan.R$anim: int abc_fade_in
de.aurora.mggvertretungsplan.R$anim: int abc_fade_out
de.aurora.mggvertretungsplan.R$anim: int abc_grow_fade_in_from_bottom
de.aurora.mggvertretungsplan.R$anim: int abc_popup_enter
de.aurora.mggvertretungsplan.R$anim: int abc_popup_exit
de.aurora.mggvertretungsplan.R$anim: int abc_shrink_fade_out_from_bottom
de.aurora.mggvertretungsplan.R$anim: int abc_slide_in_bottom
de.aurora.mggvertretungsplan.R$anim: int abc_slide_in_top
de.aurora.mggvertretungsplan.R$anim: int abc_slide_out_bottom
de.aurora.mggvertretungsplan.R$anim: int abc_slide_out_top
de.aurora.mggvertretungsplan.R$anim: int einfliegen
de.aurora.mggvertretungsplan.R$anim: int rotate
de.aurora.mggvertretungsplan.R$array: int Intervall_neu
de.aurora.mggvertretungsplan.R$array: int Intervall_neu_values
de.aurora.mggvertretungsplan.R$array: int Klassen_List
de.aurora.mggvertretungsplan.R$array: int Klassenstufe_List
de.aurora.mggvertretungsplan.R$array: int pref_example_list_titles
de.aurora.mggvertretungsplan.R$array: int pref_example_list_values
de.aurora.mggvertretungsplan.R$attr: int actionBarDivider
de.aurora.mggvertretungsplan.R$attr: int actionBarItemBackground
de.aurora.mggvertretungsplan.R$attr: int actionBarPopupTheme
de.aurora.mggvertretungsplan.R$attr: int actionBarSize
de.aurora.mggvertretungsplan.R$attr: int actionBarSplitStyle
de.aurora.mggvertretungsplan.R$attr: int actionBarStyle
de.aurora.mggvertretungsplan.R$attr: int actionBarTabBarStyle
de.aurora.mggvertretungsplan.R$attr: int actionBarTabStyle
de.aurora.mggvertretungsplan.R$attr: int actionBarTabTextStyle
de.aurora.mggvertretungsplan.R$attr: int actionBarTheme
de.aurora.mggvertretungsplan.R$attr: int actionBarWidgetTheme
de.aurora.mggvertretungsplan.R$attr: int actionButtonStyle
de.aurora.mggvertretungsplan.R$attr: int actionDropDownStyle
de.aurora.mggvertretungsplan.R$attr: int actionLayout
de.aurora.mggvertretungsplan.R$attr: int actionMenuTextAppearance
de.aurora.mggvertretungsplan.R$attr: int actionMenuTextColor
de.aurora.mggvertretungsplan.R$attr: int actionModeBackground
de.aurora.mggvertretungsplan.R$attr: int actionModeCloseButtonStyle
de.aurora.mggvertretungsplan.R$attr: int actionModeCloseDrawable
de.aurora.mggvertretungsplan.R$attr: int actionModeCopyDrawable
de.aurora.mggvertretungsplan.R$attr: int actionModeCutDrawable
de.aurora.mggvertretungsplan.R$attr: int actionModeFindDrawable
de.aurora.mggvertretungsplan.R$attr: int actionModePasteDrawable
de.aurora.mggvertretungsplan.R$attr: int actionModePopupWindowStyle
de.aurora.mggvertretungsplan.R$bool: int abc_action_bar_embed_tabs
de.aurora.mggvertretungsplan.R$bool: int abc_action_bar_embed_tabs_pre_jb
de.aurora.mggvertretungsplan.R$bool: int abc_action_bar_expanded_action_views_exclusive
de.aurora.mggvertretungsplan.R$bool: int abc_config_actionMenuItemAllCaps
de.aurora.mggvertretungsplan.R$bool: int abc_config_allowActionMenuItemTextWithIcon
de.aurora.mggvertretungsplan.R$bool: int abc_config_closeDialogWhenTouchOutside
de.aurora.mggvertretungsplan.R$bool: int abc_config_showMenuShortcutsWhenKeyboardPresent
...
com.google.android.gms.drive.DrivePreferences
com.google.android.gms.drive.DrivePreferences: android.os.Parcelable$Creator CREATOR
com.google.android.gms.drive.DriveSpace
com.google.android.gms.drive.DriveSpace: android.os.Parcelable$Creator CREATOR
com.google.android.gms.drive.Permission
com.google.android.gms.drive.Permission: android.os.Parcelable$Creator CREATOR
com.google.android.gms.drive.R$attr: int adSize
com.google.android.gms.drive.R$attr: int adSizes
com.google.android.gms.drive.R$attr: int adUnitId
com.google.android.gms.drive.R$attr: int appTheme
com.google.android.gms.drive.R$attr: int buyButtonAppearance
com.google.android.gms.drive.R$attr: int buyButtonHeight
com.google.android.gms.drive.R$attr: int buyButtonText
com.google.android.gms.drive.R$attr: int buyButtonWidth
com.google.android.gms.drive.R$attr: int cameraBearing
com.google.android.gms.drive.R$attr: int cameraTargetLat
com.google.android.gms.drive.R$attr: int cameraTargetLng
com.google.android.gms.drive.R$attr: int cameraTilt
com.google.android.gms.drive.R$attr: int cameraZoom
com.google.android.gms.drive.R$attr: int circleCrop
com.google.android.gms.drive.R$attr: int environment
com.google.android.gms.drive.R$attr: int fragmentMode
com.google.android.gms.drive.R$attr: int fragmentStyle
com.google.android.gms.drive.R$attr: int imageAspectRatio
com.google.android.gms.drive.R$attr: int imageAspectRatioAdjust
com.google.android.gms.drive.R$attr: int liteMode
com.google.android.gms.drive.R$attr: int mapType
com.google.android.gms.drive.R$attr: int maskedWalletDetailsBackground
com.google.android.gms.drive.R$attr: int maskedWalletDetailsButtonBackground
com.google.android.gms.drive.R$attr: int maskedWalletDetailsButtonTextAppearance
com.google.android.gms.drive.R$attr: int maskedWalletDetailsHeaderTextAppearance
com.google.android.gms.drive.R$color: int common_action_bar_splitter
com.google.android.gms.drive.R$color: int common_signin_btn_dark_text_default
com.google.android.gms.drive.R$color: int common_signin_btn_dark_text_disabled
com.google.android.gms.drive.R$color: int common_signin_btn_dark_text_focused
com.google.android.gms.drive.R$color: int common_signin_btn_dark_text_pressed
com.google.android.gms.drive.R$color: int common_signin_btn_default_background
com.google.android.gms.drive.R$color: int common_signin_btn_light_text_default
com.google.android.gms.drive.R$color: int common_signin_btn_light_text_disabled
com.google.android.gms.drive.R$color: int common_signin_btn_light_text_focused
com.google.android.gms.drive.R$color: int common_signin_btn_light_text_pressed
com.google.android.gms.drive.R$color: int common_signin_btn_text_dark
com.google.android.gms.drive.R$color: int common_signin_btn_text_light
com.google.android.gms.drive.R$color: int wallet_bright_foreground_disabled_holo_light
com.google.android.gms.drive.R$color: int wallet_bright_foreground_holo_dark
com.google.android.gms.drive.R$color: int wallet_bright_foreground_holo_light
com.google.android.gms.drive.R$color: int wallet_dim_foreground_disabled_holo_dark
com.google.android.gms.drive.R$color: int wallet_dim_foreground_holo_dark
com.google.android.gms.drive.R$color: int wallet_dim_foreground_inverse_disabled_holo_dark
com.google.android.gms.drive.R$color: int wallet_dim_foreground_inverse_holo_dark