app/build/outputs/mapping/release/mapping.txt
de.aurora.mggvertretungsplan.AsyncTaskCompleteListener -> de.aurora.mggvertretungsplan.a:
    void onTaskComplete(java.lang.Object) -> a
de.aurora.mggvertretungsplan.BootUpReceiver -> de.aurora.mggvertretungsplan.BootUpReceiver:
    void onReceive(android.content.Context,android.content.Intent) -> onReceive
de.aurora.mggvertretungsplan.DownloadWebPageTask -> de.aurora.mggvertretungsplan.b:
    de.aurora.mggvertretungsplan.AsyncTaskCompleteListener callback -> a
    java.lang.String doInBackground(java.lang.String[]) -> a
    void onPostExecute(java.lang.String) -> a
    void onPostExecute(java.lang.Object) -> onPostExecute
    java.lang.Object doInBackground(java.lang.Object[]) -> doInBackground
de.aurora.mggvertretungsplan.MainActivity -> de.aurora.mggvertretungsplan.MainActivity:
    java.lang.String klasse -> s
    int jahr -> t
    com.google.android.gms.ads.AdView adView -> n
    android.content.SharedPreferences sp -> o
    android.support.v4.widget.SwipeRefreshLayout mSwipeLayout -> u
    android.support.v7.widget.RecyclerView recyclerView -> p
    android.support.v7.widget.Toolbar toolbar -> q
    android.support.v7.app.ActionBar actionbar -> r
    void onCreate(android.os.Bundle) -> onCreate
    boolean onKeyDown(int,android.view.KeyEvent) -> onKeyDown
    boolean onKeyUp(int,android.view.KeyEvent) -> onKeyUp
    void onRefresh() -> h_
    void serviceProvider() -> j
    void gespeicherteDatenAnzeigen() -> k
    boolean onCreateOptionsMenu(android.view.Menu) -> onCreateOptionsMenu
    void adBanner1() -> l
    boolean onOptionsItemSelected(android.view.MenuItem) -> onOptionsItemSelected
    void AlarmManager(int) -> a
    void AlarmManagerBeenden() -> m
    boolean aktiveVerbindung() -> n
    void initialisierung() -> o
    java.lang.String[][] stringToArray(java.lang.String) -> c
    void anzeigen(java.lang.String[][],java.lang.String[][],java.lang.String,java.lang.String,boolean) -> a
    void onTaskComplete(java.lang.String) -> b
    void onPause() -> onPause
    void onResume() -> onResume
    void onDestroy() -> onDestroy
    void onTaskComplete(java.lang.Object) -> a
de.aurora.mggvertretungsplan.PreferenceBenachrichtigungen -> de.aurora.mggvertretungsplan.PreferenceBenachrichtigungen:
    de.aurora.mggvertretungsplan.SubOptionFragment subOptionFragment -> a
    android.support.v7.widget.Toolbar toolbar -> b
    void onCreate(android.os.Bundle) -> onCreate
    boolean onOptionsItemSelected(android.view.MenuItem) -> onOptionsItemSelected
    void onResume() -> onResume
    void onPause() -> onPause
    void onDestroy() -> onDestroy
de.aurora.mggvertretungsplan.PreferenceBenachrichtigungen$1 -> de.aurora.mggvertretungsplan.c:
    de.aurora.mggvertretungsplan.PreferenceBenachrichtigungen this$0 -> a
    void onClick(android.view.View) -> onClick
de.aurora.mggvertretungsplan.PreferenceWithHeaders -> de.aurora.mggvertretungsplan.PreferenceWithHeaders:
    de.aurora.mggvertretungsplan.PreferenceWithHeaders$MainOptionFragment1 mainOptionFragment1 -> a
    java.lang.String klasseGesamt_saved -> b
    android.preference.ListPreference listPref -> c
    android.support.v7.widget.Toolbar toolbar -> d
    void onCreate(android.os.Bundle) -> onCreate
    boolean onOptionsItemSelected(android.view.MenuItem) -> onOptionsItemSelected
    void onSharedPreferenceChanged(android.content.SharedPreferences,java.lang.String) -> onSharedPreferenceChanged
    java.lang.String checkOnK1K2(android.content.SharedPreferences) -> a
    void correctKlassPicker() -> a
    void onResume() -> onResume
    void onPause() -> onPause
    void onDestroy() -> onDestroy
de.aurora.mggvertretungsplan.PreferenceWithHeaders$1 -> de.aurora.mggvertretungsplan.d:
    de.aurora.mggvertretungsplan.PreferenceWithHeaders this$0 -> a
    void onClick(android.view.View) -> onClick
de.aurora.mggvertretungsplan.PreferenceWithHeaders$MainOptionFragment1 -> de.aurora.mggvertretungsplan.e:
    void onCreate(android.os.Bundle) -> onCreate
...
com.google.android.gms.location.places.internal.zzs -> com.google.android.gms.location.places.internal.h:
    com.google.android.gms.location.places.internal.PlacesParams zzeB(android.os.Parcel) -> a
    com.google.android.gms.location.places.internal.PlacesParams[] zzhb(int) -> a
    void zza(com.google.android.gms.location.places.internal.PlacesParams,android.os.Parcel,int) -> a
    java.lang.Object[] newArray(int) -> newArray
    java.lang.Object createFromParcel(android.os.Parcel) -> createFromParcel
com.google.android.gms.location.places.internal.zzt -> com.google.android.gms.location.places.internal.i:
    java.lang.String TAG -> c
    int zzz(java.lang.String,int) -> a
    java.lang.String zzB(java.lang.String,java.lang.String) -> a
com.google.android.gms.location.places.internal.zzu -> com.google.android.gms.location.places.internal.j:
    com.google.android.gms.location.places.internal.AutocompletePredictionEntity$SubstringEntity zzeC(android.os.Parcel) -> a
    com.google.android.gms.location.places.internal.AutocompletePredictionEntity$SubstringEntity[] zzhc(int) -> a
    void zza(com.google.android.gms.location.places.internal.AutocompletePredictionEntity$SubstringEntity,android.os.Parcel,int) -> a
    java.lang.Object[] newArray(int) -> newArray
    java.lang.Object createFromParcel(android.os.Parcel) -> createFromParcel
com.google.android.gms.location.places.personalized.HereContent -> com.google.android.gms.location.places.personalized.HereContent:
    com.google.android.gms.location.places.personalized.zzb CREATOR -> CREATOR
    int zzCY -> a
    java.lang.String zzaBe -> b
    java.util.List zzaBf -> c
    int hashCode() -> hashCode
    boolean equals(java.lang.Object) -> equals
    java.lang.String getData() -> a
    java.util.List getActions() -> b
    java.lang.String toString() -> toString
    int describeContents() -> describeContents
    void writeToParcel(android.os.Parcel,int) -> writeToParcel
com.google.android.gms.location.places.personalized.HereContent$Action -> com.google.android.gms.location.places.personalized.HereContent$Action:
    com.google.android.gms.location.places.personalized.zza CREATOR -> CREATOR
    int zzCY -> a
    java.lang.String zzadv -> b
    java.lang.String zzNb -> c
    int hashCode() -> hashCode
    boolean equals(java.lang.Object) -> equals
    java.lang.String getTitle() -> a
    java.lang.String getUri() -> b
    java.lang.String toString() -> toString
    int describeContents() -> describeContents
    void writeToParcel(android.os.Parcel,int) -> writeToParcel
com.google.android.gms.location.places.personalized.PlaceAlias -> com.google.android.gms.location.places.personalized.PlaceAlias:
    com.google.android.gms.location.places.personalized.zzc CREATOR -> CREATOR
    com.google.android.gms.location.places.personalized.PlaceAlias zzaBg -> a
    com.google.android.gms.location.places.personalized.PlaceAlias zzaBh -> b
    int zzCY -> c
    java.lang.String zzaBi -> d
    int hashCode() -> hashCode
    boolean equals(java.lang.Object) -> equals
    java.lang.String zzva() -> a
    java.lang.String toString() -> toString
    int describeContents() -> describeContents
    void writeToParcel(android.os.Parcel,int) -> writeToParcel