app/build/outputs/mapping/release/usage.txt
de.aurora.mggvertretungsplan.BuildConfig
de.aurora.mggvertretungsplan.MainActivity:
    private de.aurora.mggvertretungsplan.recycleViewAdapter recycle_adapter
    private android.view.Menu optionsMenu
de.aurora.mggvertretungsplan.MainOptionFragment
de.aurora.mggvertretungsplan.R
de.aurora.mggvertretungsplan.R$anim
de.aurora.mggvertretungsplan.R$array
de.aurora.mggvertretungsplan.R$attr
de.aurora.mggvertretungsplan.R$bool
de.aurora.mggvertretungsplan.R$color
de.aurora.mggvertretungsplan.R$dimen
de.aurora.mggvertretungsplan.R$drawable
de.aurora.mggvertretungsplan.R$id
de.aurora.mggvertretungsplan.R$integer
de.aurora.mggvertretungsplan.R$layout
de.aurora.mggvertretungsplan.R$menu
de.aurora.mggvertretungsplan.R$raw
de.aurora.mggvertretungsplan.R$string
de.aurora.mggvertretungsplan.R$style
de.aurora.mggvertretungsplan.R$styleable
de.aurora.mggvertretungsplan.R$xml
de.aurora.mggvertretungsplan.RecyclerViewHolder
de.aurora.mggvertretungsplan.Vertretungen:
    17:18:public void setStunde(java.lang.String)
    23:24:public void setRaum(java.lang.String)
    29:30:public void setFach(java.lang.String)
    35:36:public void setNeuRaum(java.lang.String)
    41:42:public void setBemerkung(java.lang.String)
    47:48:public void setTag(java.lang.String)
    53:54:public void setDatum(java.lang.String)
de.aurora.mggvertretungsplan.hilfsMethoden:
    int neueLaenge
    android.content.SharedPreferences sp
    133:144:public int abstand(java.lang.String,int,java.lang.String)
    149:154:public java.lang.String getCurrentDayByName()
    170:188:public java.lang.String arrayToString(java.lang.String,java.lang.String)
    196:211:public java.lang.String betterDate(int,int,int)
    345:359:public java.lang.String[][] nullEntfernen(java.lang.String[][])
de.aurora.mggvertretungsplan.recycleViewAdapter
...
android.support.v4.media.session.PlaybackStateCompatApi22
android.support.v4.net.ConnectivityManagerCompat
android.support.v4.net.ConnectivityManagerCompat$BaseConnectivityManagerCompatImpl
android.support.v4.net.ConnectivityManagerCompat$ConnectivityManagerCompatImpl
android.support.v4.net.ConnectivityManagerCompat$GingerbreadConnectivityManagerCompatImpl
android.support.v4.net.ConnectivityManagerCompat$HoneycombMR2ConnectivityManagerCompatImpl
android.support.v4.net.ConnectivityManagerCompat$JellyBeanConnectivityManagerCompatImpl
android.support.v4.net.ConnectivityManagerCompatGingerbread
android.support.v4.net.ConnectivityManagerCompatHoneycombMR2
android.support.v4.net.ConnectivityManagerCompatJellyBean
android.support.v4.net.TrafficStatsCompat
android.support.v4.net.TrafficStatsCompat$1
android.support.v4.net.TrafficStatsCompat$BaseTrafficStatsCompatImpl
android.support.v4.net.TrafficStatsCompat$BaseTrafficStatsCompatImpl$1
android.support.v4.net.TrafficStatsCompat$BaseTrafficStatsCompatImpl$SocketTags
android.support.v4.net.TrafficStatsCompat$IcsTrafficStatsCompatImpl
android.support.v4.net.TrafficStatsCompat$TrafficStatsCompatImpl
android.support.v4.net.TrafficStatsCompatIcs
android.support.v4.os.AsyncTaskCompat:
    26:26:public AsyncTaskCompat()
android.support.v4.os.AsyncTaskCompatHoneycomb:
    24:24:AsyncTaskCompatHoneycomb()
android.support.v4.os.EnvironmentCompat
android.support.v4.os.EnvironmentCompatKitKat
android.support.v4.os.ParcelableCompat:
    26:42:public ParcelableCompat()
android.support.v4.os.ParcelableCompatCreatorHoneycombMR2Stub:
    22:22:ParcelableCompatCreatorHoneycombMR2Stub()
android.support.v4.os.TraceCompat:
    29:29:public TraceCompat()
android.support.v4.os.TraceJellybeanMR2:
    18:18:TraceJellybeanMR2()
android.support.v4.print.PrintHelper
android.support.v4.print.PrintHelper$1
android.support.v4.print.PrintHelper$OnPrintFinishCallback
android.support.v4.print.PrintHelper$PrintHelperKitkatImpl
android.support.v4.print.PrintHelper$PrintHelperKitkatImpl$1
android.support.v4.print.PrintHelper$PrintHelperKitkatImpl$2
android.support.v4.print.PrintHelper$PrintHelperStubImpl
android.support.v4.print.PrintHelper$PrintHelperVersionImpl
android.support.v4.print.PrintHelperKitkat
android.support.v4.print.PrintHelperKitkat$1
android.support.v4.print.PrintHelperKitkat$2
android.support.v4.print.PrintHelperKitkat$2$1
android.support.v4.print.PrintHelperKitkat$2$1$1
android.support.v4.print.PrintHelperKitkat$OnPrintFinishCallback
android.support.v4.provider.DocumentFile
android.support.v4.provider.DocumentsContractApi19
android.support.v4.provider.DocumentsContractApi21
android.support.v4.provider.RawDocumentFile
android.support.v4.provider.SingleDocumentFile
android.support.v4.provider.TreeDocumentFile
android.support.v4.speech.tts.TextToSpeechICS
android.support.v4.speech.tts.TextToSpeechICSMR1
android.support.v4.speech.tts.TextToSpeechICSMR1$1
android.support.v4.speech.tts.TextToSpeechICSMR1$2
android.support.v4.speech.tts.TextToSpeechICSMR1$UtteranceProgressListenerICSMR1
android.support.v4.text.BidiFormatter
android.support.v4.text.BidiFormatter$1
android.support.v4.text.BidiFormatter$Builder
android.support.v4.text.BidiFormatter$DirectionalityEstimator
android.support.v4.text.ICUCompat:
    21:40:public ICUCompat()
android.support.v4.text.ICUCompatIcs:
    private static final java.lang.String TAG
    24:24:ICUCompatIcs()
android.support.v4.text.TextDirectionHeuristicCompat
android.support.v4.text.TextDirectionHeuristicsCompat
android.support.v4.text.TextDirectionHeuristicsCompat$1
android.support.v4.text.TextDirectionHeuristicsCompat$AnyStrong
android.support.v4.text.TextDirectionHeuristicsCompat$FirstStrong
android.support.v4.text.TextDirectionHeuristicsCompat$TextDirectionAlgorithm
android.support.v4.text.TextDirectionHeuristicsCompat$TextDirectionHeuristicImpl
android.support.v4.text.TextDirectionHeuristicsCompat$TextDirectionHeuristicInternal